{"/home/Louis444/Documents/M1/S2/projettransversal2025-mif10/frontend/src/app.js": {"path":"/home/Louis444/Documents/M1/S2/projettransversal2025-mif10/frontend/src/app.js","statementMap":{"0":{"start":{"line":3,"column":22},"end":{"line":25,"column":1}},"1":{"start":{"line":4,"column":19},"end":{"line":4,"column":49}},"2":{"start":{"line":6,"column":4},"end":{"line":24,"column":5}},"3":{"start":{"line":7,"column":23},"end":{"line":7,"column":43}},"4":{"start":{"line":9,"column":8},"end":{"line":12,"column":9}},"5":{"start":{"line":10,"column":12},"end":{"line":10,"column":94}},"6":{"start":{"line":11,"column":12},"end":{"line":11,"column":19}},"7":{"start":{"line":14,"column":8},"end":{"line":20,"column":20}},"8":{"start":{"line":14,"column":47},"end":{"line":20,"column":9}},"9":{"start":{"line":23,"column":8},"end":{"line":23,"column":86}},"10":{"start":{"line":27,"column":0},"end":{"line":27,"column":16}}},"fnMap":{"0":{"name":"(anonymous_0)","decl":{"start":{"line":3,"column":22},"end":{"line":3,"column":23}},"loc":{"start":{"line":3,"column":34},"end":{"line":25,"column":1}},"line":3},"1":{"name":"(anonymous_1)","decl":{"start":{"line":14,"column":38},"end":{"line":14,"column":39}},"loc":{"start":{"line":14,"column":47},"end":{"line":20,"column":9}},"line":14}},"branchMap":{"0":{"loc":{"start":{"line":9,"column":8},"end":{"line":12,"column":9}},"type":"if","locations":[{"start":{"line":9,"column":8},"end":{"line":12,"column":9}},{"start":{},"end":{}}],"line":9}},"s":{"0":3,"1":3,"2":3,"3":3,"4":2,"5":1,"6":1,"7":1,"8":2,"9":1,"10":3},"f":{"0":3,"1":2},"b":{"0":[1,1]},"_coverageSchema":"1a1c01bbd47fc00a2c39e90264f33305004495a9","hash":"42277b60211a235e1eeca8adf9904cf5d2a9d9f7"}
,"/home/Louis444/Documents/M1/S2/projettransversal2025-mif10/frontend/src/api/authApi.js": {"path":"/home/Louis444/Documents/M1/S2/projettransversal2025-mif10/frontend/src/api/authApi.js","statementMap":{"0":{"start":{"line":1,"column":21},"end":{"line":1,"column":53}},"1":{"start":{"line":6,"column":24},"end":{"line":33,"column":1}},"2":{"start":{"line":7,"column":4},"end":{"line":32,"column":5}},"3":{"start":{"line":8,"column":25},"end":{"line":14,"column":10}},"4":{"start":{"line":16,"column":8},"end":{"line":18,"column":9}},"5":{"start":{"line":17,"column":12},"end":{"line":17,"column":60}},"6":{"start":{"line":20,"column":21},"end":{"line":20,"column":42}},"7":{"start":{"line":22,"column":8},"end":{"line":22,"column":50}},"8":{"start":{"line":23,"column":8},"end":{"line":23,"column":48}},"9":{"start":{"line":24,"column":8},"end":{"line":24,"column":56}},"10":{"start":{"line":25,"column":8},"end":{"line":25,"column":50}},"11":{"start":{"line":26,"column":8},"end":{"line":26,"column":48}},"12":{"start":{"line":28,"column":8},"end":{"line":28,"column":20}},"13":{"start":{"line":30,"column":8},"end":{"line":30,"column":49}},"14":{"start":{"line":31,"column":8},"end":{"line":31,"column":20}},"15":{"start":{"line":38,"column":21},"end":{"line":65,"column":1}},"16":{"start":{"line":39,"column":4},"end":{"line":64,"column":5}},"17":{"start":{"line":40,"column":25},"end":{"line":46,"column":10}},"18":{"start":{"line":48,"column":8},"end":{"line":50,"column":9}},"19":{"start":{"line":49,"column":12},"end":{"line":49,"column":82}},"20":{"start":{"line":52,"column":21},"end":{"line":52,"column":42}},"21":{"start":{"line":54,"column":8},"end":{"line":54,"column":50}},"22":{"start":{"line":55,"column":8},"end":{"line":55,"column":48}},"23":{"start":{"line":56,"column":8},"end":{"line":56,"column":56}},"24":{"start":{"line":57,"column":8},"end":{"line":57,"column":50}},"25":{"start":{"line":58,"column":8},"end":{"line":58,"column":48}},"26":{"start":{"line":60,"column":8},"end":{"line":60,"column":20}},"27":{"start":{"line":62,"column":8},"end":{"line":62,"column":46}},"28":{"start":{"line":63,"column":8},"end":{"line":63,"column":20}}},"fnMap":{"0":{"name":"(anonymous_0)","decl":{"start":{"line":6,"column":24},"end":{"line":6,"column":25}},"loc":{"start":{"line":6,"column":61},"end":{"line":33,"column":1}},"line":6},"1":{"name":"(anonymous_1)","decl":{"start":{"line":38,"column":21},"end":{"line":38,"column":22}},"loc":{"start":{"line":38,"column":51},"end":{"line":65,"column":1}},"line":38}},"branchMap":{"0":{"loc":{"start":{"line":16,"column":8},"end":{"line":18,"column":9}},"type":"if","locations":[{"start":{"line":16,"column":8},"end":{"line":18,"column":9}},{"start":{},"end":{}}],"line":16},"1":{"loc":{"start":{"line":48,"column":8},"end":{"line":50,"column":9}},"type":"if","locations":[{"start":{"line":48,"column":8},"end":{"line":50,"column":9}},{"start":{},"end":{}}],"line":48}},"s":{"0":1,"1":1,"2":2,"3":2,"4":2,"5":1,"6":1,"7":1,"8":1,"9":1,"10":1,"11":1,"12":1,"13":1,"14":1,"15":1,"16":2,"17":2,"18":2,"19":1,"20":1,"21":1,"22":1,"23":1,"24":1,"25":1,"26":1,"27":1,"28":1},"f":{"0":2,"1":2},"b":{"0":[1,1],"1":[1,1]},"_coverageSchema":"1a1c01bbd47fc00a2c39e90264f33305004495a9","hash":"64310ce3b64b91dedf290b2e5b174644ceaca39d"}
,"/home/Louis444/Documents/M1/S2/projettransversal2025-mif10/frontend/src/api/axiosConfig.js": {"path":"/home/Louis444/Documents/M1/S2/projettransversal2025-mif10/frontend/src/api/axiosConfig.js","statementMap":{"0":{"start":{"line":3,"column":12},"end":{"line":10,"column":2}}},"fnMap":{},"branchMap":{},"s":{"0":2},"f":{},"b":{},"_coverageSchema":"1a1c01bbd47fc00a2c39e90264f33305004495a9","hash":"f21cea45b28fe75184569de2a2d98831563b6881"}
,"/home/Louis444/Documents/M1/S2/projettransversal2025-mif10/frontend/src/api/eventApi.js": {"path":"/home/Louis444/Documents/M1/S2/projettransversal2025-mif10/frontend/src/api/eventApi.js","statementMap":{"0":{"start":{"line":3,"column":28},"end":{"line":11,"column":1}},"1":{"start":{"line":4,"column":4},"end":{"line":10,"column":5}},"2":{"start":{"line":5,"column":25},"end":{"line":5,"column":49}},"3":{"start":{"line":6,"column":8},"end":{"line":6,"column":29}},"4":{"start":{"line":8,"column":8},"end":{"line":8,"column":66}},"5":{"start":{"line":9,"column":8},"end":{"line":9,"column":20}},"6":{"start":{"line":14,"column":28},"end":{"line":22,"column":1}},"7":{"start":{"line":15,"column":4},"end":{"line":21,"column":5}},"8":{"start":{"line":16,"column":25},"end":{"line":16,"column":55}},"9":{"start":{"line":17,"column":8},"end":{"line":17,"column":29}},"10":{"start":{"line":19,"column":8},"end":{"line":19,"column":59}},"11":{"start":{"line":20,"column":8},"end":{"line":20,"column":20}},"12":{"start":{"line":25,"column":27},"end":{"line":33,"column":1}},"13":{"start":{"line":26,"column":4},"end":{"line":32,"column":5}},"14":{"start":{"line":27,"column":25},"end":{"line":27,"column":61}},"15":{"start":{"line":28,"column":8},"end":{"line":28,"column":29}},"16":{"start":{"line":30,"column":8},"end":{"line":30,"column":56}},"17":{"start":{"line":31,"column":8},"end":{"line":31,"column":20}}},"fnMap":{"0":{"name":"(anonymous_0)","decl":{"start":{"line":3,"column":28},"end":{"line":3,"column":29}},"loc":{"start":{"line":3,"column":40},"end":{"line":11,"column":1}},"line":3},"1":{"name":"(anonymous_1)","decl":{"start":{"line":14,"column":28},"end":{"line":14,"column":29}},"loc":{"start":{"line":14,"column":42},"end":{"line":22,"column":1}},"line":14},"2":{"name":"(anonymous_2)","decl":{"start":{"line":25,"column":27},"end":{"line":25,"column":28}},"loc":{"start":{"line":25,"column":48},"end":{"line":33,"column":1}},"line":25}},"branchMap":{},"s":{"0":1,"1":2,"2":2,"3":1,"4":1,"5":1,"6":1,"7":2,"8":2,"9":1,"10":1,"11":1,"12":1,"13":2,"14":2,"15":1,"16":1,"17":1},"f":{"0":2,"1":2,"2":2},"b":{},"_coverageSchema":"1a1c01bbd47fc00a2c39e90264f33305004495a9","hash":"69c1cab5d25fdc98309398bc61fc52afdbb35c11"}
,"/home/Louis444/Documents/M1/S2/projettransversal2025-mif10/frontend/src/api/registrationApi.js": {"path":"/home/Louis444/Documents/M1/S2/projettransversal2025-mif10/frontend/src/api/registrationApi.js","statementMap":{},"fnMap":{},"branchMap":{},"s":{},"f":{},"b":{}}
,"/home/Louis444/Documents/M1/S2/projettransversal2025-mif10/frontend/src/api/userApi.js": {"path":"/home/Louis444/Documents/M1/S2/projettransversal2025-mif10/frontend/src/api/userApi.js","statementMap":{"0":{"start":{"line":1,"column":21},"end":{"line":1,"column":54}},"1":{"start":{"line":6,"column":30},"end":{"line":24,"column":1}},"2":{"start":{"line":7,"column":4},"end":{"line":23,"column":5}},"3":{"start":{"line":8,"column":25},"end":{"line":13,"column":10}},"4":{"start":{"line":15,"column":8},"end":{"line":17,"column":9}},"5":{"start":{"line":16,"column":12},"end":{"line":16,"column":55}},"6":{"start":{"line":19,"column":8},"end":{"line":19,"column":37}},"7":{"start":{"line":21,"column":8},"end":{"line":21,"column":55}},"8":{"start":{"line":22,"column":8},"end":{"line":22,"column":20}}},"fnMap":{"0":{"name":"(anonymous_0)","decl":{"start":{"line":6,"column":30},"end":{"line":6,"column":31}},"loc":{"start":{"line":6,"column":50},"end":{"line":24,"column":1}},"line":6}},"branchMap":{"0":{"loc":{"start":{"line":15,"column":8},"end":{"line":17,"column":9}},"type":"if","locations":[{"start":{"line":15,"column":8},"end":{"line":17,"column":9}},{"start":{},"end":{}}],"line":15}},"s":{"0":1,"1":1,"2":3,"3":3,"4":2,"5":1,"6":1,"7":2,"8":2},"f":{"0":3},"b":{"0":[1,1]},"_coverageSchema":"1a1c01bbd47fc00a2c39e90264f33305004495a9","hash":"28fa634c7c70cb7623f9dfac71d1aa09a10350c6"}
}
